Wed Apr 16 17:58:44 UTC 2025
Thu Apr 17 13:18:30 UTC 2025
Fri Apr 18 13:14:57 UTC 2025
Sat Apr 19 13:02:33 UTC 2025
Sun Apr 20 13:05:07 UTC 2025
Mon Apr 21 13:16:57 UTC 2025
Tue Apr 22 13:34:34 UTC 2025
Wed Apr 23 13:35:47 UTC 2025
Thu Apr 24 13:36:32 UTC 2025
Fri Apr 25 13:18:37 UTC 2025
Sat Apr 26 13:03:43 UTC 2025
Sun Apr 27 13:04:17 UTC 2025
Mon Apr 28 13:49:49 UTC 2025
Tue Apr 29 13:44:14 UTC 2025
Wed Apr 30 13:19:11 UTC 2025
Thu May  1 13:17:36 UTC 2025
Fri May  2 13:18:38 UTC 2025
Sat May  3 13:05:18 UTC 2025
Sun May  4 13:13:36 UTC 2025
Mon May  5 13:36:05 UTC 2025
Tue May  6 13:38:43 UTC 2025
Wed May  7 13:42:19 UTC 2025
Thu May  8 13:35:09 UTC 2025
Fri May  9 13:35:10 UTC 2025
Sat May 10 13:05:06 UTC 2025
Sun May 11 13:05:35 UTC 2025
Mon May 12 13:41:01 UTC 2025
Tue May 13 13:42:50 UTC 2025
Wed May 14 13:37:34 UTC 2025
Thu May 15 13:37:01 UTC 2025
Fri May 16 13:36:38 UTC 2025
Sat May 17 13:13:32 UTC 2025
Sun May 18 12:24:30 UTC 2025
Mon May 19 12:28:40 UTC 2025
